2021-11-28 17:19:30,738[INFO ][main            ][ com.example.telegrambot.bot.Bot] - [STARTED] TelegramAPI. Bot Connected. Bot class: com.example.telegrambot.bot.Bot@21be3395
2021-11-28 17:19:30,739[INFO ][MsgReciever     ][egrambot.service.MessageReciever] - [STARTED] MsgReciever.  Bot class: com.example.telegrambot.bot.Bot@21be3395
2021-11-28 17:19:30,739[INFO ][MsgSender       ][elegrambot.service.MessageSender] - [STARTED] MsgSender.  Bot class: com.example.telegrambot.bot.Bot@21be3395
2021-11-28 17:19:33,231[ERROR][MsgSender       ][elegrambot.service.MessageSender] - Error sending message
org.telegram.telegrambots.exceptions.TelegramApiRequestException: Error sending message: [400] Bad Request: chat not found
	at org.telegram.telegrambots.api.methods.send.SendMessage.deserializeResponse(SendMessage.java:170)
	at org.telegram.telegrambots.api.methods.send.SendMessage.deserializeResponse(SendMessage.java:24)
	at org.telegram.telegrambots.bots.DefaultAbsSender.sendApiMethod(DefaultAbsSender.java:672)
	at org.telegram.telegrambots.bots.AbsSender.execute(AbsSender.java:53)
	at com.example.telegrambot.service.MessageSender.send(MessageSender.java:46)
	at com.example.telegrambot.service.MessageSender.run(MessageSender.java:26)
	at java.lang.Thread.run(Thread.java:748)
2021-11-28 17:24:21,772[INFO ][main            ][ com.example.telegrambot.bot.Bot] - [STARTED] TelegramAPI. Bot Connected. Bot class: com.example.telegrambot.bot.Bot@21be3395
2021-11-28 17:24:21,772[INFO ][MsgReciever     ][egrambot.service.MessageReciever] - [STARTED] MsgReciever.  Bot class: com.example.telegrambot.bot.Bot@21be3395
2021-11-28 17:24:21,772[INFO ][MsgSender       ][elegrambot.service.MessageSender] - [STARTED] MsgSender.  Bot class: com.example.telegrambot.bot.Bot@21be3395
2021-11-28 17:24:24,141[ERROR][MsgSender       ][elegrambot.service.MessageSender] - Error sending message
org.telegram.telegrambots.exceptions.TelegramApiRequestException: Error sending message: [400] Bad Request: chat not found
	at org.telegram.telegrambots.api.methods.send.SendMessage.deserializeResponse(SendMessage.java:170)
	at org.telegram.telegrambots.api.methods.send.SendMessage.deserializeResponse(SendMessage.java:24)
	at org.telegram.telegrambots.bots.DefaultAbsSender.sendApiMethod(DefaultAbsSender.java:672)
	at org.telegram.telegrambots.bots.AbsSender.execute(AbsSender.java:53)
	at com.example.telegrambot.service.MessageSender.send(MessageSender.java:46)
	at com.example.telegrambot.service.MessageSender.run(MessageSender.java:26)
	at java.lang.Thread.run(Thread.java:748)
2021-11-28 17:24:55,173[INFO ][main            ][ com.example.telegrambot.bot.Bot] - [STARTED] TelegramAPI. Bot Connected. Bot class: com.example.telegrambot.bot.Bot@596df867
2021-11-28 17:24:58,398[INFO ][MsgReciever     ][egrambot.service.MessageReciever] - [STARTED] MsgReciever.  Bot class: com.example.telegrambot.bot.Bot@596df867
2021-11-28 17:25:04,015[INFO ][MsgSender       ][elegrambot.service.MessageSender] - [STARTED] MsgSender.  Bot class: com.example.telegrambot.bot.Bot@596df867
2021-11-28 17:25:07,474[ERROR][MsgSender       ][elegrambot.service.MessageSender] - Error sending message
org.telegram.telegrambots.exceptions.TelegramApiRequestException: Error sending message: [400] Bad Request: chat not found
	at org.telegram.telegrambots.api.methods.send.SendMessage.deserializeResponse(SendMessage.java:170)
	at org.telegram.telegrambots.api.methods.send.SendMessage.deserializeResponse(SendMessage.java:24)
	at org.telegram.telegrambots.bots.DefaultAbsSender.sendApiMethod(DefaultAbsSender.java:672)
	at org.telegram.telegrambots.bots.AbsSender.execute(AbsSender.java:53)
	at com.example.telegrambot.service.MessageSender.send(MessageSender.java:46)
	at com.example.telegrambot.service.MessageSender.run(MessageSender.java:26)
	at java.lang.Thread.run(Thread.java:748)
2021-11-28 17:25:23,496[INFO ][MsgReciever     ][egrambot.service.MessageReciever] - Handler for command[NONE] not Set. Return DefaultHandler
2021-11-28 17:25:32,498[INFO ][MsgReciever     ][egrambot.service.MessageReciever] - Handler for command[START] is: com.example.telegrambot.handler.SystemHandler@103175dd
2021-11-28 17:25:47,502[INFO ][MsgReciever     ][egrambot.service.MessageReciever] - Handler for command[HELP] is: com.example.telegrambot.handler.SystemHandler@f4771c8
2021-11-28 17:27:30,522[INFO ][MsgReciever     ][egrambot.service.MessageReciever] - Handler for command[START] is: com.example.telegrambot.handler.SystemHandler@7555c9d9
2021-11-28 17:27:46,526[INFO ][MsgReciever     ][egrambot.service.MessageReciever] - Handler for command[HELP] is: com.example.telegrambot.handler.SystemHandler@6e51d533
2021-11-28 17:28:07,530[INFO ][MsgReciever     ][egrambot.service.MessageReciever] - Handler for command[ID] is: com.example.telegrambot.handler.SystemHandler@25cb0184
2021-11-28 17:28:13,532[INFO ][MsgReciever     ][egrambot.service.MessageReciever] - Handler for command[NOTIFY] is: com.example.telegrambot.handler.NotifyHandler@11b6fdc4
2021-11-28 17:31:19,567[INFO ][MsgReciever     ][egrambot.service.MessageReciever] - Handler for command[HELP] is: com.example.telegrambot.handler.SystemHandler@4af6f52a
2021-11-28 17:31:33,570[INFO ][MsgReciever     ][egrambot.service.MessageReciever] - Handler for command[START] is: com.example.telegrambot.handler.SystemHandler@2aee590a
2021-11-28 17:42:06,685[INFO ][MsgReciever     ][egrambot.service.MessageReciever] - Handler for command[NONE] not Set. Return DefaultHandler
2021-11-28 17:42:14,689[INFO ][MsgReciever     ][egrambot.service.MessageReciever] - Handler for command[TEXT_CONTAIN_EMOJI] is: com.example.telegrambot.handler.EmojiHandler@4cea6b65
2021-11-28 17:42:29,691[INFO ][MsgReciever     ][egrambot.service.MessageReciever] - Handler for command[NONE] not Set. Return DefaultHandler
2021-11-28 17:43:11,699[INFO ][MsgReciever     ][egrambot.service.MessageReciever] - Handler for command[HELP] is: com.example.telegrambot.handler.SystemHandler@2f06da76
2021-11-28 17:43:40,704[INFO ][MsgReciever     ][egrambot.service.MessageReciever] - Handler for command[START] is: com.example.telegrambot.handler.SystemHandler@33fe0f5d
2021-11-28 17:43:58,708[INFO ][MsgReciever     ][egrambot.service.MessageReciever] - Handler for command[NOTIFY] is: com.example.telegrambot.handler.NotifyHandler@1ace7f5e
2021-11-28 17:43:58,710[INFO ][Thread-5        ][ample.telegrambot.ability.Notify] - RUN. Notify(bot=com.example.telegrambot.bot.Bot@596df867, delayInMillisec=5000, chatID=2134887652)
2021-11-28 17:44:03,712[INFO ][Thread-5        ][ample.telegrambot.ability.Notify] - FIHISH. Notify(bot=com.example.telegrambot.bot.Bot@596df867, delayInMillisec=5000, chatID=2134887652)
2021-11-28 17:44:23,714[INFO ][MsgReciever     ][egrambot.service.MessageReciever] - Handler for command[NOTIFY] is: com.example.telegrambot.handler.NotifyHandler@1c2c2181
2021-11-28 17:44:23,715[INFO ][Thread-6        ][ample.telegrambot.ability.Notify] - RUN. Notify(bot=com.example.telegrambot.bot.Bot@596df867, delayInMillisec=10000, chatID=2134887652)
2021-11-28 17:44:33,715[INFO ][Thread-6        ][ample.telegrambot.ability.Notify] - FIHISH. Notify(bot=com.example.telegrambot.bot.Bot@596df867, delayInMillisec=10000, chatID=2134887652)
2021-11-28 17:47:43,239[INFO ][main            ][ com.example.telegrambot.bot.Bot] - [STARTED] TelegramAPI. Bot Connected. Bot class: com.example.telegrambot.bot.Bot@5bd1ceca
2021-11-28 17:47:43,240[INFO ][MsgReciever     ][egrambot.service.MessageReciever] - [STARTED] MsgReciever.  Bot class: com.example.telegrambot.bot.Bot@5bd1ceca
2021-11-28 17:47:43,240[INFO ][MsgSender       ][elegrambot.service.MessageSender] - [STARTED] MsgSender.  Bot class: com.example.telegrambot.bot.Bot@5bd1ceca
2021-11-28 17:47:45,564[ERROR][MsgSender       ][elegrambot.service.MessageSender] - Error sending message
org.telegram.telegrambots.exceptions.TelegramApiRequestException: Error sending message: [400] Bad Request: chat not found
	at org.telegram.telegrambots.api.methods.send.SendMessage.deserializeResponse(SendMessage.java:170)
	at org.telegram.telegrambots.api.methods.send.SendMessage.deserializeResponse(SendMessage.java:24)
	at org.telegram.telegrambots.bots.DefaultAbsSender.sendApiMethod(DefaultAbsSender.java:672)
	at org.telegram.telegrambots.bots.AbsSender.execute(AbsSender.java:53)
	at com.example.telegrambot.service.MessageSender.send(MessageSender.java:46)
	at com.example.telegrambot.service.MessageSender.run(MessageSender.java:26)
	at java.lang.Thread.run(Thread.java:748)
2021-11-28 17:48:21,881[INFO ][MsgReciever     ][egrambot.service.MessageReciever] - Handler for command[HELP] is: com.example.telegrambot.handler.SystemHandler@36b6f192
2021-11-28 18:27:58,797[INFO ][main            ][ com.example.telegrambot.bot.Bot] - [STARTED] TelegramAPI. Bot Connected. Bot class: com.example.telegrambot.bot.Bot@21be3395
2021-11-28 18:27:58,798[INFO ][MsgReciever     ][egrambot.service.MessageReciever] - [STARTED] MsgReciever.  Bot class: com.example.telegrambot.bot.Bot@21be3395
2021-11-28 18:27:58,798[INFO ][MsgSender       ][elegrambot.service.MessageSender] - [STARTED] MsgSender.  Bot class: com.example.telegrambot.bot.Bot@21be3395
2021-11-28 18:28:01,147[ERROR][MsgSender       ][elegrambot.service.MessageSender] - Error sending message
org.telegram.telegrambots.exceptions.TelegramApiRequestException: Error sending message: [400] Bad Request: chat not found
	at org.telegram.telegrambots.api.methods.send.SendMessage.deserializeResponse(SendMessage.java:170)
	at org.telegram.telegrambots.api.methods.send.SendMessage.deserializeResponse(SendMessage.java:24)
	at org.telegram.telegrambots.bots.DefaultAbsSender.sendApiMethod(DefaultAbsSender.java:672)
	at org.telegram.telegrambots.bots.AbsSender.execute(AbsSender.java:53)
	at com.example.telegrambot.service.MessageSender.send(MessageSender.java:46)
	at com.example.telegrambot.service.MessageSender.run(MessageSender.java:26)
	at java.lang.Thread.run(Thread.java:748)
2021-11-28 18:28:23,883[INFO ][MsgReciever     ][egrambot.service.MessageReciever] - Handler for command[NONE] not Set. Return DefaultHandler
2021-11-28 18:28:39,527[INFO ][main            ][ com.example.telegrambot.bot.Bot] - [STARTED] TelegramAPI. Bot Connected. Bot class: com.example.telegrambot.bot.Bot@21be3395
2021-11-28 18:28:39,528[INFO ][MsgReciever     ][egrambot.service.MessageReciever] - [STARTED] MsgReciever.  Bot class: com.example.telegrambot.bot.Bot@21be3395
2021-11-28 18:28:39,528[INFO ][MsgSender       ][elegrambot.service.MessageSender] - [STARTED] MsgSender.  Bot class: com.example.telegrambot.bot.Bot@21be3395
2021-11-28 18:28:42,007[ERROR][MsgSender       ][elegrambot.service.MessageSender] - Error sending message
org.telegram.telegrambots.exceptions.TelegramApiRequestException: Error sending message: [400] Bad Request: chat not found
	at org.telegram.telegrambots.api.methods.send.SendMessage.deserializeResponse(SendMessage.java:170)
	at org.telegram.telegrambots.api.methods.send.SendMessage.deserializeResponse(SendMessage.java:24)
	at org.telegram.telegrambots.bots.DefaultAbsSender.sendApiMethod(DefaultAbsSender.java:672)
	at org.telegram.telegrambots.bots.AbsSender.execute(AbsSender.java:53)
	at com.example.telegrambot.service.MessageSender.send(MessageSender.java:46)
	at com.example.telegrambot.service.MessageSender.run(MessageSender.java:26)
	at java.lang.Thread.run(Thread.java:748)
2021-11-28 18:28:58,537[INFO ][MsgReciever     ][egrambot.service.MessageReciever] - Handler for command[START] is: com.example.telegrambot.handler.SystemHandler@27734021
2021-11-28 18:29:07,540[INFO ][MsgReciever     ][egrambot.service.MessageReciever] - Handler for command[HELP] is: com.example.telegrambot.handler.SystemHandler@47073911
2021-11-28 18:29:19,542[INFO ][MsgReciever     ][egrambot.service.MessageReciever] - Handler for command[CEP] not Set. Return DefaultHandler
2021-11-28 18:32:30,891[INFO ][main            ][ com.example.telegrambot.bot.Bot] - [STARTED] TelegramAPI. Bot Connected. Bot class: com.example.telegrambot.bot.Bot@5bd1ceca
2021-11-28 18:32:30,891[INFO ][MsgReciever     ][egrambot.service.MessageReciever] - [STARTED] MsgReciever.  Bot class: com.example.telegrambot.bot.Bot@5bd1ceca
2021-11-28 18:32:30,891[INFO ][MsgSender       ][elegrambot.service.MessageSender] - [STARTED] MsgSender.  Bot class: com.example.telegrambot.bot.Bot@5bd1ceca
2021-11-28 18:32:32,212[ERROR][MsgSender       ][elegrambot.service.MessageSender] - Error sending message
org.telegram.telegrambots.exceptions.TelegramApiRequestException: Error sending message: [400] Bad Request: chat not found
	at org.telegram.telegrambots.api.methods.send.SendMessage.deserializeResponse(SendMessage.java:170)
	at org.telegram.telegrambots.api.methods.send.SendMessage.deserializeResponse(SendMessage.java:24)
	at org.telegram.telegrambots.bots.DefaultAbsSender.sendApiMethod(DefaultAbsSender.java:672)
	at org.telegram.telegrambots.bots.AbsSender.execute(AbsSender.java:53)
	at com.example.telegrambot.service.MessageSender.send(MessageSender.java:46)
	at com.example.telegrambot.service.MessageSender.run(MessageSender.java:26)
	at java.lang.Thread.run(Thread.java:748)
2021-11-28 18:32:36,577[INFO ][MsgReciever     ][egrambot.service.MessageReciever] - Handler for command[HELP] is: com.example.telegrambot.handler.SystemHandler@389f41f7
2021-11-28 18:33:02,582[INFO ][MsgReciever     ][egrambot.service.MessageReciever] - Handler for command[ID] is: com.example.telegrambot.handler.SystemHandler@7f291d09
2021-11-28 18:34:14,594[INFO ][MsgReciever     ][egrambot.service.MessageReciever] - Handler for command[NOTIFY] is: com.example.telegrambot.handler.NotifyHandler@42662885
2021-11-28 18:34:57,801[INFO ][main            ][ com.example.telegrambot.bot.Bot] - [STARTED] TelegramAPI. Bot Connected. Bot class: com.example.telegrambot.bot.Bot@5bd1ceca
2021-11-28 18:34:57,802[INFO ][MsgReciever     ][egrambot.service.MessageReciever] - [STARTED] MsgReciever.  Bot class: com.example.telegrambot.bot.Bot@5bd1ceca
2021-11-28 18:34:57,802[INFO ][MsgSender       ][elegrambot.service.MessageSender] - [STARTED] MsgSender.  Bot class: com.example.telegrambot.bot.Bot@5bd1ceca
2021-11-28 18:35:00,146[ERROR][MsgSender       ][elegrambot.service.MessageSender] - Error sending message
org.telegram.telegrambots.exceptions.TelegramApiRequestException: Error sending message: [400] Bad Request: chat not found
	at org.telegram.telegrambots.api.methods.send.SendMessage.deserializeResponse(SendMessage.java:170)
	at org.telegram.telegrambots.api.methods.send.SendMessage.deserializeResponse(SendMessage.java:24)
	at org.telegram.telegrambots.bots.DefaultAbsSender.sendApiMethod(DefaultAbsSender.java:672)
	at org.telegram.telegrambots.bots.AbsSender.execute(AbsSender.java:53)
	at com.example.telegrambot.service.MessageSender.send(MessageSender.java:46)
	at com.example.telegrambot.service.MessageSender.run(MessageSender.java:26)
	at java.lang.Thread.run(Thread.java:748)
2021-11-28 18:37:22,066[INFO ][MsgReciever     ][egrambot.service.MessageReciever] - Handler for command[START] is: com.example.telegrambot.handler.SystemHandler@3099e24d
2021-11-28 18:37:43,648[INFO ][MsgReciever     ][egrambot.service.MessageReciever] - Handler for command[HELP] is: com.example.telegrambot.handler.SystemHandler@692fbff3
2021-11-28 18:38:10,608[INFO ][MsgReciever     ][egrambot.service.MessageReciever] - Handler for command[CEP] is: com.example.telegrambot.handler.CEPHandler@3b6d0185
2021-11-28 18:42:07,174[INFO ][main            ][ com.example.telegrambot.bot.Bot] - [STARTED] TelegramAPI. Bot Connected. Bot class: com.example.telegrambot.bot.Bot@499b2a5c
2021-11-28 18:42:07,175[INFO ][MsgReciever     ][egrambot.service.MessageReciever] - [STARTED] MsgReciever.  Bot class: com.example.telegrambot.bot.Bot@499b2a5c
2021-11-28 18:42:07,175[INFO ][MsgSender       ][elegrambot.service.MessageSender] - [STARTED] MsgSender.  Bot class: com.example.telegrambot.bot.Bot@499b2a5c
2021-11-28 18:42:08,535[ERROR][MsgSender       ][elegrambot.service.MessageSender] - Error sending message
org.telegram.telegrambots.exceptions.TelegramApiRequestException: Error sending message: [400] Bad Request: chat not found
	at org.telegram.telegrambots.api.methods.send.SendMessage.deserializeResponse(SendMessage.java:170)
	at org.telegram.telegrambots.api.methods.send.SendMessage.deserializeResponse(SendMessage.java:24)
	at org.telegram.telegrambots.bots.DefaultAbsSender.sendApiMethod(DefaultAbsSender.java:672)
	at org.telegram.telegrambots.bots.AbsSender.execute(AbsSender.java:53)
	at com.example.telegrambot.service.MessageSender.send(MessageSender.java:46)
	at com.example.telegrambot.service.MessageSender.run(MessageSender.java:26)
	at java.lang.Thread.run(Thread.java:748)
2021-11-28 18:42:19,670[INFO ][MsgReciever     ][egrambot.service.MessageReciever] - Handler for command[NONE] not Set. Return DefaultHandler
2021-11-28 18:42:46,081[INFO ][MsgReciever     ][egrambot.service.MessageReciever] - Handler for command[START] is: com.example.telegrambot.handler.SystemHandler@11ba253f
2021-11-28 18:43:17,957[INFO ][MsgReciever     ][egrambot.service.MessageReciever] - Handler for command[HELP] is: com.example.telegrambot.handler.SystemHandler@26979c44
2021-11-28 18:44:00,068[INFO ][MsgReciever     ][egrambot.service.MessageReciever] - Handler for command[CEP] is: com.example.telegrambot.handler.CEPHandler@2e4a951c
2021-11-28 18:51:07,338[INFO ][main            ][ com.example.telegrambot.bot.Bot] - [STARTED] TelegramAPI. Bot Connected. Bot class: com.example.telegrambot.bot.Bot@499b2a5c
2021-11-28 18:51:07,338[INFO ][MsgReciever     ][egrambot.service.MessageReciever] - [STARTED] MsgReciever.  Bot class: com.example.telegrambot.bot.Bot@499b2a5c
2021-11-28 18:51:07,338[INFO ][MsgSender       ][elegrambot.service.MessageSender] - [STARTED] MsgSender.  Bot class: com.example.telegrambot.bot.Bot@499b2a5c
2021-11-28 18:51:09,731[ERROR][MsgSender       ][elegrambot.service.MessageSender] - Error sending message
org.telegram.telegrambots.exceptions.TelegramApiRequestException: Error sending message: [400] Bad Request: chat not found
	at org.telegram.telegrambots.api.methods.send.SendMessage.deserializeResponse(SendMessage.java:170)
	at org.telegram.telegrambots.api.methods.send.SendMessage.deserializeResponse(SendMessage.java:24)
	at org.telegram.telegrambots.bots.DefaultAbsSender.sendApiMethod(DefaultAbsSender.java:672)
	at org.telegram.telegrambots.bots.AbsSender.execute(AbsSender.java:53)
	at com.example.telegrambot.service.MessageSender.send(MessageSender.java:46)
	at com.example.telegrambot.service.MessageSender.run(MessageSender.java:26)
	at java.lang.Thread.run(Thread.java:748)
2021-11-28 18:51:19,352[INFO ][MsgReciever     ][egrambot.service.MessageReciever] - Handler for command[START] is: com.example.telegrambot.handler.SystemHandler@95c9883
2021-11-28 18:51:36,946[INFO ][MsgReciever     ][egrambot.service.MessageReciever] - Handler for command[HELP] is: com.example.telegrambot.handler.SystemHandler@4dd47bcf
2021-11-28 18:51:52,110[INFO ][MsgReciever     ][egrambot.service.MessageReciever] - Handler for command[CEP] is: com.example.telegrambot.handler.CEPHandler@37f014ac
2021-11-28 18:59:00,529[INFO ][main            ][ com.example.telegrambot.bot.Bot] - [STARTED] TelegramAPI. Bot Connected. Bot class: com.example.telegrambot.bot.Bot@21be3395
2021-11-28 18:59:00,529[INFO ][MsgReciever     ][egrambot.service.MessageReciever] - [STARTED] MsgReciever.  Bot class: com.example.telegrambot.bot.Bot@21be3395
2021-11-28 18:59:00,529[INFO ][MsgSender       ][elegrambot.service.MessageSender] - [STARTED] MsgSender.  Bot class: com.example.telegrambot.bot.Bot@21be3395
2021-11-28 18:59:02,908[ERROR][MsgSender       ][elegrambot.service.MessageSender] - Error sending message
org.telegram.telegrambots.exceptions.TelegramApiRequestException: Error sending message: [400] Bad Request: chat not found
	at org.telegram.telegrambots.api.methods.send.SendMessage.deserializeResponse(SendMessage.java:170)
	at org.telegram.telegrambots.api.methods.send.SendMessage.deserializeResponse(SendMessage.java:24)
	at org.telegram.telegrambots.bots.DefaultAbsSender.sendApiMethod(DefaultAbsSender.java:672)
	at org.telegram.telegrambots.bots.AbsSender.execute(AbsSender.java:53)
	at com.example.telegrambot.service.MessageSender.send(MessageSender.java:46)
	at com.example.telegrambot.service.MessageSender.run(MessageSender.java:26)
	at java.lang.Thread.run(Thread.java:748)
2021-11-28 18:59:09,537[INFO ][MsgReciever     ][egrambot.service.MessageReciever] - Handler for command[START] is: com.example.telegrambot.handler.SystemHandler@714ce563
2021-11-28 18:59:21,541[INFO ][MsgReciever     ][egrambot.service.MessageReciever] - Handler for command[HELP] is: com.example.telegrambot.handler.SystemHandler@60461aad
2021-11-28 18:59:48,547[INFO ][MsgReciever     ][egrambot.service.MessageReciever] - Handler for command[CEP] is: com.example.telegrambot.handler.CEPHandler@165bfb3f
2021-11-28 19:00:00,669[INFO ][MsgReciever     ][egrambot.service.MessageReciever] - Handler for command[NOTIFY] is: com.example.telegrambot.handler.NotifyHandler@52a02739
2021-11-28 19:00:00,671[INFO ][Thread-5        ][ample.telegrambot.ability.Notify] - RUN. Notify(bot=com.example.telegrambot.bot.Bot@21be3395, delayInMillisec=5000, chatID=2134887652)
2021-11-28 19:00:05,673[INFO ][Thread-5        ][ample.telegrambot.ability.Notify] - FIHISH. Notify(bot=com.example.telegrambot.bot.Bot@21be3395, delayInMillisec=5000, chatID=2134887652)
